<?xml version="1.0" encoding="UTF-8"?>
<testsuite name="com.study.first.springboot.domain.posts.PostsRepositoryTest" tests="2" skipped="0" failures="0" errors="0" timestamp="2021-02-07T06:32:58" hostname="DESKTOP-F7GHCA8" time="0.305">
  <properties/>
  <testcase name="게시글저장_불러오기" classname="com.study.first.springboot.domain.posts.PostsRepositoryTest" time="0.282"/>
  <testcase name="BaseTimeEntity_등록" classname="com.study.first.springboot.domain.posts.PostsRepositoryTest" time="0.022"/>
  <system-out><![CDATA[2021-02-07 15:32:55.072  INFO 1784 --- [    Test worker] .b.t.c.SpringBootTestContextBootstrapper : Neither @ContextConfiguration nor @ContextHierarchy found for test class [com.study.first.springboot.domain.posts.PostsRepositoryTest], using SpringBootContextLoader
2021-02-07 15:32:55.075  INFO 1784 --- [    Test worker] o.s.t.c.support.AbstractContextLoader    : Could not detect default resource locations for test class [com.study.first.springboot.domain.posts.PostsRepositoryTest]: no resource found for suffixes {-context.xml, Context.groovy}.
2021-02-07 15:32:55.075  INFO 1784 --- [    Test worker] t.c.s.AnnotationConfigContextLoaderUtils : Could not detect default configuration classes for test class [com.study.first.springboot.domain.posts.PostsRepositoryTest]: PostsRepositoryTest does not declare any static, non-private, non-final, nested classes annotated with @Configuration.
2021-02-07 15:32:55.103  INFO 1784 --- [    Test worker] .b.t.c.SpringBootTestContextBootstrapper : Found @SpringBootConfiguration com.study.first.springboot.Application for test class com.study.first.springboot.domain.posts.PostsRepositoryTest
2021-02-07 15:32:55.106  INFO 1784 --- [    Test worker] .b.t.c.SpringBootTestContextBootstrapper : Loaded default TestExecutionListener class names from location [META-INF/spring.factories]: [org.springframework.security.test.context.support.WithSecurityContextTestExecutionListener, org.springframework.security.test.context.support.ReactorContextTestExecutionListener, org.springframework.boot.test.autoconfigure.restdocs.RestDocsTestExecutionListener, org.springframework.boot.test.autoconfigure.web.client.MockRestServiceServerResetTestExecutionListener, org.springframework.boot.test.autoconfigure.web.servlet.MockMvcPrintOnlyOnFailureTestExecutionListener, org.springframework.boot.test.autoconfigure.web.servlet.WebDriverTestExecutionListener, org.springframework.boot.test.mock.mockito.MockitoTestExecutionListener, org.springframework.boot.test.mock.mockito.ResetMocksTestExecutionListener, org.springframework.test.context.web.ServletTestExecutionListener, org.springframework.test.context.support.DirtiesContextBeforeModesTestExecutionListener, org.springframework.test.context.support.DependencyInjectionTestExecutionListener, org.springframework.test.context.support.DirtiesContextTestExecutionListener, org.springframework.test.context.transaction.TransactionalTestExecutionListener, org.springframework.test.context.jdbc.SqlScriptsTestExecutionListener]
2021-02-07 15:32:55.108  INFO 1784 --- [    Test worker] .b.t.c.SpringBootTestContextBootstrapper : Using TestExecutionListeners: [org.springframework.test.context.web.ServletTestExecutionListener@469c2e2e, org.springframework.test.context.support.DirtiesContextBeforeModesTestExecutionListener@3b936693, org.springframework.boot.test.mock.mockito.MockitoTestExecutionListener@ea10f9d, org.springframework.boot.test.autoconfigure.SpringBootDependencyInjectionTestExecutionListener@3b142858, org.springframework.test.context.support.DirtiesContextTestExecutionListener@1cde9c4a, org.springframework.test.context.transaction.TransactionalTestExecutionListener@3c59c6bc, org.springframework.test.context.jdbc.SqlScriptsTestExecutionListener@3a02fb4d, org.springframework.security.test.context.support.WithSecurityContextTestExecutionListener@20ce52bd, org.springframework.security.test.context.support.ReactorContextTestExecutionListener@481aa622, org.springframework.boot.test.autoconfigure.restdocs.RestDocsTestExecutionListener@3a84f5bb, org.springframework.boot.test.autoconfigure.web.client.MockRestServiceServerResetTestExecutionListener@17f1b935, org.springframework.boot.test.autoconfigure.web.servlet.MockMvcPrintOnlyOnFailureTestExecutionListener@45f84acc, org.springframework.boot.test.autoconfigure.web.servlet.WebDriverTestExecutionListener@58cecfe7, org.springframework.boot.test.mock.mockito.ResetMocksTestExecutionListener@45fad068]

  .   ____          _            __ _ _
 /\\ / ___'_ __ _ _(_)_ __  __ _ \ \ \ \
( ( )\___ | '_ | '_| | '_ \/ _` | \ \ \ \
 \\/  ___)| |_)| | | | | || (_| |  ) ) ) )
  '  |____| .__|_| |_|_| |_\__, | / / / /
 =========|_|==============|___/=/_/_/_/
 :: Spring Boot ::        (v2.1.7.RELEASE)

2021-02-07 15:32:55.219  INFO 1784 --- [    Test worker] c.s.f.s.d.posts.PostsRepositoryTest      : Starting PostsRepositoryTest on DESKTOP-F7GHCA8 with PID 1784 (started by tmdwl in C:\Users\tmdwl\IdeaProjects\setting-InteliJ)
2021-02-07 15:32:55.219  INFO 1784 --- [    Test worker] c.s.f.s.d.posts.PostsRepositoryTest      : The following profiles are active: oauth
2021-02-07 15:32:55.749  INFO 1784 --- [    Test worker] .s.d.r.c.RepositoryConfigurationDelegate : Bootstrapping Spring Data repositories in DEFAULT mode.
2021-02-07 15:32:55.817  INFO 1784 --- [    Test worker] .s.d.r.c.RepositoryConfigurationDelegate : Finished Spring Data repository scanning in 67ms. Found 2 repository interfaces.
2021-02-07 15:32:56.015  INFO 1784 --- [    Test worker] trationDelegate$BeanPostProcessorChecker : Bean 'org.springframework.transaction.annotation.ProxyTransactionManagementConfiguration' of type [org.springframework.transaction.annotation.ProxyTransactionManagementConfiguration$$EnhancerBySpringCGLIB$$69e39566] is not eligible for getting processed by all BeanPostProcessors (for example: not eligible for auto-proxying)
2021-02-07 15:32:56.156  INFO 1784 --- [    Test worker] com.zaxxer.hikari.HikariDataSource       : HikariPool-2 - Starting...
2021-02-07 15:32:56.158  INFO 1784 --- [    Test worker] com.zaxxer.hikari.HikariDataSource       : HikariPool-2 - Start completed.
2021-02-07 15:32:56.230  INFO 1784 --- [    Test worker] o.hibernate.jpa.internal.util.LogHelper  : HHH000204: Processing PersistenceUnitInfo [
	name: default
	...]
2021-02-07 15:32:56.262  INFO 1784 --- [    Test worker] org.hibernate.dialect.Dialect            : HHH000400: Using dialect: org.hibernate.dialect.MySQL5Dialect
Hibernate: drop table if exists posts
Hibernate: drop table if exists user
Hibernate: create table posts (id bigint not null auto_increment, created_date datetime, modified_date datetime, author varchar(255), content TEXT not null, title varchar(500) not null, primary key (id)) engine=MyISAM
Hibernate: create table user (id bigint not null auto_increment, created_date datetime, modified_date datetime, email varchar(255) not null, name varchar(255) not null, picture varchar(255), role varchar(255) not null, primary key (id)) engine=MyISAM
2021-02-07 15:32:56.419  INFO 1784 --- [    Test worker] o.h.t.schema.internal.SchemaCreatorImpl  : HHH000476: Executing import script 'org.hibernate.tool.schema.internal.exec.ScriptSourceInputNonExistentImpl@490ab913'
2021-02-07 15:32:56.419  INFO 1784 --- [    Test worker] j.LocalContainerEntityManagerFactoryBean : Initialized JPA EntityManagerFactory for persistence unit 'default'
2021-02-07 15:32:56.836  INFO 1784 --- [    Test worker] o.h.h.i.QueryTranslatorFactoryInitiator  : HHH000397: Using ASTQueryTranslatorFactory
2021-02-07 15:32:57.162  INFO 1784 --- [    Test worker] o.s.s.web.DefaultSecurityFilterChain     : Creating filter chain: any request, [org.springframework.security.web.context.request.async.WebAsyncManagerIntegrationFilter@6f69953c, org.springframework.security.web.context.SecurityContextPersistenceFilter@5ce3dd40, org.springframework.security.web.header.HeaderWriterFilter@1c343948, org.springframework.security.web.authentication.logout.LogoutFilter@54221e91, org.springframework.security.oauth2.client.web.OAuth2AuthorizationRequestRedirectFilter@2970eb2b, org.springframework.security.oauth2.client.web.OAuth2LoginAuthenticationFilter@4fcc2f60, org.springframework.security.web.authentication.ui.DefaultLoginPageGeneratingFilter@1669c8c1, org.springframework.security.web.authentication.ui.DefaultLogoutPageGeneratingFilter@45e046ac, org.springframework.security.web.savedrequest.RequestCacheAwareFilter@ea362a9, org.springframework.security.web.servletapi.SecurityContextHolderAwareRequestFilter@3360f44c, org.springframework.security.web.authentication.AnonymousAuthenticationFilter@6b67d488, org.springframework.security.web.session.SessionManagementFilter@585fbe67, org.springframework.security.web.access.ExceptionTranslationFilter@5760be53, org.springframework.security.web.access.intercept.FilterSecurityInterceptor@714b7d00]
2021-02-07 15:32:57.889  INFO 1784 --- [    Test worker] o.s.s.concurrent.ThreadPoolTaskExecutor  : Initializing ExecutorService 'applicationTaskExecutor'
2021-02-07 15:32:57.911  WARN 1784 --- [    Test worker] aWebConfiguration$JpaWebMvcConfiguration : spring.jpa.open-in-view is enabled by default. Therefore, database queries may be performed during view rendering. Explicitly configure spring.jpa.open-in-view to disable this warning
2021-02-07 15:32:57.970  INFO 1784 --- [    Test worker] o.s.b.a.w.s.WelcomePageHandlerMapping    : Adding welcome page template: index
2021-02-07 15:32:58.693  INFO 1784 --- [    Test worker] s.a.ScheduledAnnotationBeanPostProcessor : No TaskScheduler/ScheduledExecutorService bean found for scheduled processing
2021-02-07 15:32:58.695  INFO 1784 --- [    Test worker] c.s.f.s.d.posts.PostsRepositoryTest      : Started PostsRepositoryTest in 3.579 seconds (JVM running for 20.018)
Hibernate: insert into posts (created_date, modified_date, author, content, title) values (?, ?, ?, ?, ?)
Hibernate: select posts0_.id as id1_0_, posts0_.created_date as created_2_0_, posts0_.modified_date as modified3_0_, posts0_.author as author4_0_, posts0_.content as content5_0_, posts0_.title as title6_0_ from posts posts0_
Hibernate: select posts0_.id as id1_0_, posts0_.created_date as created_2_0_, posts0_.modified_date as modified3_0_, posts0_.author as author4_0_, posts0_.content as content5_0_, posts0_.title as title6_0_ from posts posts0_
Hibernate: delete from posts where id=?
Hibernate: insert into posts (created_date, modified_date, author, content, title) values (?, ?, ?, ?, ?)
Hibernate: select posts0_.id as id1_0_, posts0_.created_date as created_2_0_, posts0_.modified_date as modified3_0_, posts0_.author as author4_0_, posts0_.content as content5_0_, posts0_.title as title6_0_ from posts posts0_
>>>>>>>>>>>>> createDate=2021-02-07T15:32:59.000253, modifieDate=2021-02-07T15:32:59.000253
Hibernate: select posts0_.id as id1_0_, posts0_.created_date as created_2_0_, posts0_.modified_date as modified3_0_, posts0_.author as author4_0_, posts0_.content as content5_0_, posts0_.title as title6_0_ from posts posts0_
Hibernate: delete from posts where id=?
]]></system-out>
  <system-err><![CDATA[]]></system-err>
</testsuite>
