<?xml version="1.0" encoding="UTF-8"?>
<testsuite name="com.study.first.springboot.domain.posts.PostsRepositoryTest" tests="2" skipped="0" failures="0" errors="0" timestamp="2021-02-18T12:04:03" hostname="DESKTOP-F7GHCA8" time="0.743">
  <properties/>
  <testcase name="게시글저장_불러오기" classname="com.study.first.springboot.domain.posts.PostsRepositoryTest" time="0.688"/>
  <testcase name="BaseTimeEntity_등록" classname="com.study.first.springboot.domain.posts.PostsRepositoryTest" time="0.052"/>
  <system-out><![CDATA[21:03:49.608 [Test worker] DEBUG org.springframework.test.context.junit4.SpringJUnit4ClassRunner - SpringJUnit4ClassRunner constructor called with [class com.study.first.springboot.domain.posts.PostsRepositoryTest]
21:03:49.619 [Test worker] DEBUG org.springframework.test.context.BootstrapUtils - Instantiating CacheAwareContextLoaderDelegate from class [org.springframework.test.context.cache.DefaultCacheAwareContextLoaderDelegate]
21:03:49.641 [Test worker] DEBUG org.springframework.test.context.BootstrapUtils - Instantiating BootstrapContext using constructor [public org.springframework.test.context.support.DefaultBootstrapContext(java.lang.Class,org.springframework.test.context.CacheAwareContextLoaderDelegate)]
21:03:49.675 [Test worker] DEBUG org.springframework.test.context.BootstrapUtils - Instantiating TestContextBootstrapper for test class [com.study.first.springboot.domain.posts.PostsRepositoryTest] from class [org.springframework.boot.test.context.SpringBootTestContextBootstrapper]
21:03:49.701 [Test worker] INFO org.springframework.boot.test.context.SpringBootTestContextBootstrapper - Neither @ContextConfiguration nor @ContextHierarchy found for test class [com.study.first.springboot.domain.posts.PostsRepositoryTest], using SpringBootContextLoader
21:03:49.710 [Test worker] DEBUG org.springframework.test.context.support.AbstractContextLoader - Did not detect default resource location for test class [com.study.first.springboot.domain.posts.PostsRepositoryTest]: class path resource [com/study/first/springboot/domain/posts/PostsRepositoryTest-context.xml] does not exist
21:03:49.712 [Test worker] DEBUG org.springframework.test.context.support.AbstractContextLoader - Did not detect default resource location for test class [com.study.first.springboot.domain.posts.PostsRepositoryTest]: class path resource [com/study/first/springboot/domain/posts/PostsRepositoryTestContext.groovy] does not exist
21:03:49.713 [Test worker] INFO org.springframework.test.context.support.AbstractContextLoader - Could not detect default resource locations for test class [com.study.first.springboot.domain.posts.PostsRepositoryTest]: no resource found for suffixes {-context.xml, Context.groovy}.
21:03:49.715 [Test worker] INFO org.springframework.test.context.support.AnnotationConfigContextLoaderUtils - Could not detect default configuration classes for test class [com.study.first.springboot.domain.posts.PostsRepositoryTest]: PostsRepositoryTest does not declare any static, non-private, non-final, nested classes annotated with @Configuration.
21:03:49.827 [Test worker] DEBUG org.springframework.test.context.support.ActiveProfilesUtils - Could not find an 'annotation declaring class' for annotation type [org.springframework.test.context.ActiveProfiles] and class [com.study.first.springboot.domain.posts.PostsRepositoryTest]
21:03:50.156 [Test worker] DEBUG org.springframework.context.annotation.ClassPathScanningCandidateComponentProvider - Identified candidate component class: file [C:\Users\tmdwl\IdeaProjects\setting-InteliJ\build\classes\java\main\com\study\first\springboot\Application.class]
21:03:50.161 [Test worker] INFO org.springframework.boot.test.context.SpringBootTestContextBootstrapper - Found @SpringBootConfiguration com.study.first.springboot.Application for test class com.study.first.springboot.domain.posts.PostsRepositoryTest
21:03:50.429 [Test worker] DEBUG org.springframework.boot.test.context.SpringBootTestContextBootstrapper - @TestExecutionListeners is not present for class [com.study.first.springboot.domain.posts.PostsRepositoryTest]: using defaults.
21:03:50.431 [Test worker] INFO org.springframework.boot.test.context.SpringBootTestContextBootstrapper - Loaded default TestExecutionListener class names from location [META-INF/spring.factories]: [org.springframework.security.test.context.support.WithSecurityContextTestExecutionListener, org.springframework.security.test.context.support.ReactorContextTestExecutionListener, org.springframework.boot.test.autoconfigure.restdocs.RestDocsTestExecutionListener, org.springframework.boot.test.autoconfigure.web.client.MockRestServiceServerResetTestExecutionListener, org.springframework.boot.test.autoconfigure.web.servlet.MockMvcPrintOnlyOnFailureTestExecutionListener, org.springframework.boot.test.autoconfigure.web.servlet.WebDriverTestExecutionListener, org.springframework.boot.test.mock.mockito.MockitoTestExecutionListener, org.springframework.boot.test.mock.mockito.ResetMocksTestExecutionListener, org.springframework.test.context.web.ServletTestExecutionListener, org.springframework.test.context.support.DirtiesContextBeforeModesTestExecutionListener, org.springframework.test.context.support.DependencyInjectionTestExecutionListener, org.springframework.test.context.support.DirtiesContextTestExecutionListener, org.springframework.test.context.transaction.TransactionalTestExecutionListener, org.springframework.test.context.jdbc.SqlScriptsTestExecutionListener]
21:03:50.480 [Test worker] INFO org.springframework.boot.test.context.SpringBootTestContextBootstrapper - Using TestExecutionListeners: [org.springframework.test.context.web.ServletTestExecutionListener@470d1c37, org.springframework.test.context.support.DirtiesContextBeforeModesTestExecutionListener@55d21579, org.springframework.boot.test.mock.mockito.MockitoTestExecutionListener@21cb4e45, org.springframework.boot.test.autoconfigure.SpringBootDependencyInjectionTestExecutionListener@2f7bc0e7, org.springframework.test.context.support.DirtiesContextTestExecutionListener@389d9b, org.springframework.test.context.transaction.TransactionalTestExecutionListener@45843938, org.springframework.test.context.jdbc.SqlScriptsTestExecutionListener@3e46feab, org.springframework.security.test.context.support.WithSecurityContextTestExecutionListener@4f4b6d7c, org.springframework.security.test.context.support.ReactorContextTestExecutionListener@b5be54b, org.springframework.boot.test.autoconfigure.restdocs.RestDocsTestExecutionListener@6ff250e1, org.springframework.boot.test.autoconfigure.web.client.MockRestServiceServerResetTestExecutionListener@66c85812, org.springframework.boot.test.autoconfigure.web.servlet.MockMvcPrintOnlyOnFailureTestExecutionListener@727cf93a, org.springframework.boot.test.autoconfigure.web.servlet.WebDriverTestExecutionListener@26d92b83, org.springframework.boot.test.mock.mockito.ResetMocksTestExecutionListener@5bd102e1]
21:03:50.486 [Test worker] DEBUG org.springframework.test.annotation.ProfileValueUtils - Retrieved @ProfileValueSourceConfiguration [null] for test class [com.study.first.springboot.domain.posts.PostsRepositoryTest]
21:03:50.487 [Test worker] DEBUG org.springframework.test.annotation.ProfileValueUtils - Retrieved ProfileValueSource type [class org.springframework.test.annotation.SystemProfileValueSource] for class [com.study.first.springboot.domain.posts.PostsRepositoryTest]
21:03:50.491 [Test worker] DEBUG org.springframework.test.annotation.ProfileValueUtils - Retrieved @ProfileValueSourceConfiguration [null] for test class [com.study.first.springboot.domain.posts.PostsRepositoryTest]
21:03:50.491 [Test worker] DEBUG org.springframework.test.annotation.ProfileValueUtils - Retrieved ProfileValueSource type [class org.springframework.test.annotation.SystemProfileValueSource] for class [com.study.first.springboot.domain.posts.PostsRepositoryTest]
21:03:50.492 [Test worker] DEBUG org.springframework.test.annotation.ProfileValueUtils - Retrieved @ProfileValueSourceConfiguration [null] for test class [com.study.first.springboot.domain.posts.PostsRepositoryTest]
21:03:50.495 [Test worker] DEBUG org.springframework.test.annotation.ProfileValueUtils - Retrieved ProfileValueSource type [class org.springframework.test.annotation.SystemProfileValueSource] for class [com.study.first.springboot.domain.posts.PostsRepositoryTest]
21:03:50.504 [Test worker] DEBUG org.springframework.test.context.support.AbstractDirtiesContextTestExecutionListener - Before test class: context [DefaultTestContext@91c12c9 testClass = PostsRepositoryTest, testInstance = [null], testMethod = [null], testException = [null], mergedContextConfiguration = [WebMergedContextConfiguration@8021d8e testClass = PostsRepositoryTest, locations = '{}', classes = '{class com.study.first.springboot.Application}', contextInitializerClasses = '[]', activeProfiles = '{}', propertySourceLocations = '{}', propertySourceProperties = '{org.springframework.boot.test.context.SpringBootTestContextBootstrapper=true}', contextCustomizers = set[org.springframework.boot.test.autoconfigure.properties.PropertyMappingContextCustomizer@0, org.springframework.boot.test.autoconfigure.web.servlet.WebDriverContextCustomizerFactory$Customizer@38736506, org.springframework.boot.test.context.filter.ExcludeFilterContextCustomizer@21a442b1, org.springframework.boot.test.json.DuplicateJsonObjectContextCustomizerFactory$DuplicateJsonObjectContextCustomizer@47c745d5, org.springframework.boot.test.mock.mockito.MockitoContextCustomizer@0, org.springframework.boot.test.web.client.TestRestTemplateContextCustomizer@6e4ef36f], resourceBasePath = 'src/main/webapp', contextLoader = 'org.springframework.boot.test.context.SpringBootContextLoader', parent = [null]], attributes = map['org.springframework.test.context.web.ServletTestExecutionListener.activateListener' -> true]], class annotated with @DirtiesContext [false] with mode [null].
21:03:50.508 [Test worker] DEBUG org.springframework.test.annotation.ProfileValueUtils - Retrieved @ProfileValueSourceConfiguration [null] for test class [com.study.first.springboot.domain.posts.PostsRepositoryTest]
21:03:50.508 [Test worker] DEBUG org.springframework.test.annotation.ProfileValueUtils - Retrieved ProfileValueSource type [class org.springframework.test.annotation.SystemProfileValueSource] for class [com.study.first.springboot.domain.posts.PostsRepositoryTest]
21:03:50.557 [Test worker] DEBUG org.springframework.test.context.support.TestPropertySourceUtils - Adding inlined properties to environment: {spring.jmx.enabled=false, org.springframework.boot.test.context.SpringBootTestContextBootstrapper=true, server.port=-1}

  .   ____          _            __ _ _
 /\\ / ___'_ __ _ _(_)_ __  __ _ \ \ \ \
( ( )\___ | '_ | '_| | '_ \/ _` | \ \ \ \
 \\/  ___)| |_)| | | | | || (_| |  ) ) ) )
  '  |____| .__|_| |_|_| |_\__, | / / / /
 =========|_|==============|___/=/_/_/_/
 :: Spring Boot ::        (v2.1.7.RELEASE)

2021-02-18 21:03:51.233  INFO 4212 --- [    Test worker] c.s.f.s.d.posts.PostsRepositoryTest      : Starting PostsRepositoryTest on DESKTOP-F7GHCA8 with PID 4212 (started by tmdwl in C:\Users\tmdwl\IdeaProjects\setting-InteliJ)
2021-02-18 21:03:51.234  INFO 4212 --- [    Test worker] c.s.f.s.d.posts.PostsRepositoryTest      : The following profiles are active: oauth
2021-02-18 21:03:53.280  INFO 4212 --- [    Test worker] .s.d.r.c.RepositoryConfigurationDelegate : Bootstrapping Spring Data repositories in DEFAULT mode.
2021-02-18 21:03:53.452  INFO 4212 --- [    Test worker] .s.d.r.c.RepositoryConfigurationDelegate : Finished Spring Data repository scanning in 156ms. Found 2 repository interfaces.
2021-02-18 21:03:54.514  INFO 4212 --- [    Test worker] trationDelegate$BeanPostProcessorChecker : Bean 'org.springframework.transaction.annotation.ProxyTransactionManagementConfiguration' of type [org.springframework.transaction.annotation.ProxyTransactionManagementConfiguration$$EnhancerBySpringCGLIB$$2884c904] is not eligible for getting processed by all BeanPostProcessors (for example: not eligible for auto-proxying)
2021-02-18 21:03:54.922  INFO 4212 --- [    Test worker] com.zaxxer.hikari.HikariDataSource       : HikariPool-1 - Starting...
2021-02-18 21:03:55.296  INFO 4212 --- [    Test worker] com.zaxxer.hikari.HikariDataSource       : HikariPool-1 - Start completed.
2021-02-18 21:03:55.518  INFO 4212 --- [    Test worker] o.hibernate.jpa.internal.util.LogHelper  : HHH000204: Processing PersistenceUnitInfo [
	name: default
	...]
2021-02-18 21:03:55.742  INFO 4212 --- [    Test worker] org.hibernate.Version                    : HHH000412: Hibernate Core {5.3.10.Final}
2021-02-18 21:03:55.747  INFO 4212 --- [    Test worker] org.hibernate.cfg.Environment            : HHH000206: hibernate.properties not found
2021-02-18 21:03:56.102  INFO 4212 --- [    Test worker] o.hibernate.annotations.common.Version   : HCANN000001: Hibernate Commons Annotations {5.0.4.Final}
2021-02-18 21:03:56.464  INFO 4212 --- [    Test worker] org.hibernate.dialect.Dialect            : HHH000400: Using dialect: org.hibernate.dialect.MySQL5Dialect
Hibernate: drop table if exists posts
Hibernate: drop table if exists user
Hibernate: create table posts (id bigint not null auto_increment, created_date datetime, modified_date datetime, author varchar(255), content TEXT not null, title varchar(500) not null, primary key (id)) engine=MyISAM
Hibernate: create table user (id bigint not null auto_increment, created_date datetime, modified_date datetime, email varchar(255) not null, name varchar(255) not null, picture varchar(255), role varchar(255) not null, primary key (id)) engine=MyISAM
2021-02-18 21:03:57.952  INFO 4212 --- [    Test worker] o.h.t.schema.internal.SchemaCreatorImpl  : HHH000476: Executing import script 'org.hibernate.tool.schema.internal.exec.ScriptSourceInputNonExistentImpl@1a792037'
2021-02-18 21:03:57.962  INFO 4212 --- [    Test worker] j.LocalContainerEntityManagerFactoryBean : Initialized JPA EntityManagerFactory for persistence unit 'default'
2021-02-18 21:03:59.174  INFO 4212 --- [    Test worker] o.h.h.i.QueryTranslatorFactoryInitiator  : HHH000397: Using ASTQueryTranslatorFactory
2021-02-18 21:04:00.244  INFO 4212 --- [    Test worker] o.s.s.web.DefaultSecurityFilterChain     : Creating filter chain: any request, [org.springframework.security.web.context.request.async.WebAsyncManagerIntegrationFilter@c29d096, org.springframework.security.web.context.SecurityContextPersistenceFilter@6d8693db, org.springframework.security.web.header.HeaderWriterFilter@1e01385c, org.springframework.security.web.authentication.logout.LogoutFilter@4de6c145, org.springframework.security.oauth2.client.web.OAuth2AuthorizationRequestRedirectFilter@3ee0b364, org.springframework.security.oauth2.client.web.OAuth2LoginAuthenticationFilter@4d4614dd, org.springframework.security.web.authentication.ui.DefaultLoginPageGeneratingFilter@b717633, org.springframework.security.web.authentication.ui.DefaultLogoutPageGeneratingFilter@e399b3, org.springframework.security.web.savedrequest.RequestCacheAwareFilter@57eabf90, org.springframework.security.web.servletapi.SecurityContextHolderAwareRequestFilter@6088eeff, org.springframework.security.web.authentication.AnonymousAuthenticationFilter@69523fd4, org.springframework.security.web.session.SessionManagementFilter@74ed9d80, org.springframework.security.web.access.ExceptionTranslationFilter@161a631a, org.springframework.security.web.access.intercept.FilterSecurityInterceptor@1fd1317d]
2021-02-18 21:04:01.567  INFO 4212 --- [    Test worker] o.s.s.concurrent.ThreadPoolTaskExecutor  : Initializing ExecutorService 'applicationTaskExecutor'
2021-02-18 21:04:01.705  WARN 4212 --- [    Test worker] aWebConfiguration$JpaWebMvcConfiguration : spring.jpa.open-in-view is enabled by default. Therefore, database queries may be performed during view rendering. Explicitly configure spring.jpa.open-in-view to disable this warning
2021-02-18 21:04:01.825  INFO 4212 --- [    Test worker] o.s.b.a.w.s.WelcomePageHandlerMapping    : Adding welcome page template: index
2021-02-18 21:04:03.086  INFO 4212 --- [    Test worker] s.a.ScheduledAnnotationBeanPostProcessor : No TaskScheduler/ScheduledExecutorService bean found for scheduled processing
2021-02-18 21:04:03.112  INFO 4212 --- [    Test worker] c.s.f.s.d.posts.PostsRepositoryTest      : Started PostsRepositoryTest in 12.533 seconds (JVM running for 14.771)
Hibernate: insert into posts (created_date, modified_date, author, content, title) values (?, ?, ?, ?, ?)
Hibernate: select posts0_.id as id1_0_, posts0_.created_date as created_2_0_, posts0_.modified_date as modified3_0_, posts0_.author as author4_0_, posts0_.content as content5_0_, posts0_.title as title6_0_ from posts posts0_
Hibernate: select posts0_.id as id1_0_, posts0_.created_date as created_2_0_, posts0_.modified_date as modified3_0_, posts0_.author as author4_0_, posts0_.content as content5_0_, posts0_.title as title6_0_ from posts posts0_
Hibernate: delete from posts where id=?
Hibernate: insert into posts (created_date, modified_date, author, content, title) values (?, ?, ?, ?, ?)
Hibernate: select posts0_.id as id1_0_, posts0_.created_date as created_2_0_, posts0_.modified_date as modified3_0_, posts0_.author as author4_0_, posts0_.content as content5_0_, posts0_.title as title6_0_ from posts posts0_
>>>>>>>>>>>>> createDate=2021-02-18T21:04:03.879248, modifieDate=2021-02-18T21:04:03.879248
Hibernate: select posts0_.id as id1_0_, posts0_.created_date as created_2_0_, posts0_.modified_date as modified3_0_, posts0_.author as author4_0_, posts0_.content as content5_0_, posts0_.title as title6_0_ from posts posts0_
Hibernate: delete from posts where id=?
]]></system-out>
  <system-err><![CDATA[]]></system-err>
</testsuite>
