<?xml version="1.0" encoding="UTF-8"?>
<testsuite name="com.study.first.springboot.web.HelloControllerTest" tests="2" skipped="0" failures="0" errors="0" timestamp="2021-02-07T06:33:02" hostname="DESKTOP-F7GHCA8" time="0.196">
  <properties/>
  <testcase name="hello가_리턴된다" classname="com.study.first.springboot.web.HelloControllerTest" time="0.055"/>
  <testcase name="helloDto가_리턴된다" classname="com.study.first.springboot.web.HelloControllerTest" time="0.14"/>
  <system-out><![CDATA[2021-02-07 15:32:59.045  INFO 1784 --- [    Test worker] .b.t.a.w.s.WebMvcTestContextBootstrapper : Neither @ContextConfiguration nor @ContextHierarchy found for test class [com.study.first.springboot.web.HelloControllerTest], using SpringBootContextLoader
2021-02-07 15:32:59.049  INFO 1784 --- [    Test worker] o.s.t.c.support.AbstractContextLoader    : Could not detect default resource locations for test class [com.study.first.springboot.web.HelloControllerTest]: no resource found for suffixes {-context.xml, Context.groovy}.
2021-02-07 15:32:59.050  INFO 1784 --- [    Test worker] t.c.s.AnnotationConfigContextLoaderUtils : Could not detect default configuration classes for test class [com.study.first.springboot.web.HelloControllerTest]: HelloControllerTest does not declare any static, non-private, non-final, nested classes annotated with @Configuration.
2021-02-07 15:32:59.082  INFO 1784 --- [    Test worker] .b.t.c.SpringBootTestContextBootstrapper : Found @SpringBootConfiguration com.study.first.springboot.Application for test class com.study.first.springboot.web.HelloControllerTest
2021-02-07 15:32:59.082  INFO 1784 --- [    Test worker] .b.t.a.w.s.WebMvcTestContextBootstrapper : Loaded default TestExecutionListener class names from location [META-INF/spring.factories]: [org.springframework.security.test.context.support.WithSecurityContextTestExecutionListener, org.springframework.security.test.context.support.ReactorContextTestExecutionListener, org.springframework.boot.test.autoconfigure.restdocs.RestDocsTestExecutionListener, org.springframework.boot.test.autoconfigure.web.client.MockRestServiceServerResetTestExecutionListener, org.springframework.boot.test.autoconfigure.web.servlet.MockMvcPrintOnlyOnFailureTestExecutionListener, org.springframework.boot.test.autoconfigure.web.servlet.WebDriverTestExecutionListener, org.springframework.boot.test.mock.mockito.MockitoTestExecutionListener, org.springframework.boot.test.mock.mockito.ResetMocksTestExecutionListener, org.springframework.test.context.web.ServletTestExecutionListener, org.springframework.test.context.support.DirtiesContextBeforeModesTestExecutionListener, org.springframework.test.context.support.DependencyInjectionTestExecutionListener, org.springframework.test.context.support.DirtiesContextTestExecutionListener, org.springframework.test.context.transaction.TransactionalTestExecutionListener, org.springframework.test.context.jdbc.SqlScriptsTestExecutionListener]
2021-02-07 15:32:59.084  INFO 1784 --- [    Test worker] .b.t.a.w.s.WebMvcTestContextBootstrapper : Using TestExecutionListeners: [org.springframework.test.context.web.ServletTestExecutionListener@71d627c, org.springframework.test.context.support.DirtiesContextBeforeModesTestExecutionListener@19a3176, org.springframework.boot.test.mock.mockito.MockitoTestExecutionListener@14a79816, org.springframework.boot.test.autoconfigure.SpringBootDependencyInjectionTestExecutionListener@228445b7, org.springframework.test.context.support.DirtiesContextTestExecutionListener@4e66dd19, org.springframework.test.context.transaction.TransactionalTestExecutionListener@1ea74422, org.springframework.test.context.jdbc.SqlScriptsTestExecutionListener@36e818c8, org.springframework.security.test.context.support.WithSecurityContextTestExecutionListener@36c15a5f, org.springframework.security.test.context.support.ReactorContextTestExecutionListener@4e37c78b, org.springframework.boot.test.autoconfigure.restdocs.RestDocsTestExecutionListener@6a151c3b, org.springframework.boot.test.autoconfigure.web.client.MockRestServiceServerResetTestExecutionListener@1ccd77e9, org.springframework.boot.test.autoconfigure.web.servlet.MockMvcPrintOnlyOnFailureTestExecutionListener@20e2c58d, org.springframework.boot.test.autoconfigure.web.servlet.WebDriverTestExecutionListener@50195585, org.springframework.boot.test.mock.mockito.ResetMocksTestExecutionListener@12af7f79]

  .   ____          _            __ _ _
 /\\ / ___'_ __ _ _(_)_ __  __ _ \ \ \ \
( ( )\___ | '_ | '_| | '_ \/ _` | \ \ \ \
 \\/  ___)| |_)| | | | | || (_| |  ) ) ) )
  '  |____| .__|_| |_|_| |_\__, | / / / /
 =========|_|==============|___/=/_/_/_/
 :: Spring Boot ::        (v2.1.7.RELEASE)

2021-02-07 15:32:59.203  INFO 1784 --- [    Test worker] c.s.f.s.web.HelloControllerTest          : Starting HelloControllerTest on DESKTOP-F7GHCA8 with PID 1784 (started by tmdwl in C:\Users\tmdwl\IdeaProjects\setting-InteliJ)
2021-02-07 15:32:59.203  INFO 1784 --- [    Test worker] c.s.f.s.web.HelloControllerTest          : The following profiles are active: oauth
2021-02-07 15:33:00.686  INFO 1784 --- [    Test worker] o.s.s.concurrent.ThreadPoolTaskExecutor  : Initializing ExecutorService 'applicationTaskExecutor'
2021-02-07 15:33:00.781  INFO 1784 --- [    Test worker] o.s.b.a.w.s.WelcomePageHandlerMapping    : Adding welcome page template: index
2021-02-07 15:33:01.834  INFO 1784 --- [    Test worker] .s.s.UserDetailsServiceAutoConfiguration : 

Using generated security password: c843d31e-5af6-4df6-beee-61a931462988

2021-02-07 15:33:02.203  INFO 1784 --- [    Test worker] o.s.s.web.DefaultSecurityFilterChain     : Creating filter chain: any request, [org.springframework.security.web.context.request.async.WebAsyncManagerIntegrationFilter@393edf36, org.springframework.security.web.context.SecurityContextPersistenceFilter@354a18b5, org.springframework.security.web.header.HeaderWriterFilter@2ee2ca93, org.springframework.security.web.csrf.CsrfFilter@9d8516, org.springframework.security.web.authentication.logout.LogoutFilter@16ed2306, org.springframework.security.web.authentication.UsernamePasswordAuthenticationFilter@5a38e76e, org.springframework.security.web.authentication.ui.DefaultLoginPageGeneratingFilter@37c78f9c, org.springframework.security.web.authentication.ui.DefaultLogoutPageGeneratingFilter@fe5d9ee, org.springframework.security.web.authentication.www.BasicAuthenticationFilter@3ed547ef, org.springframework.security.web.savedrequest.RequestCacheAwareFilter@1791830f, org.springframework.security.web.servletapi.SecurityContextHolderAwareRequestFilter@2f1f753c, org.springframework.security.web.authentication.AnonymousAuthenticationFilter@1b1b0dc2, org.springframework.security.web.session.SessionManagementFilter@42bb4f6c, org.springframework.security.web.access.ExceptionTranslationFilter@709a4c67, org.springframework.security.web.access.intercept.FilterSecurityInterceptor@13b500ad]
2021-02-07 15:33:02.246  INFO 1784 --- [    Test worker] o.s.b.t.m.w.SpringBootMockServletContext : Initializing Spring TestDispatcherServlet ''
2021-02-07 15:33:02.246  INFO 1784 --- [    Test worker] o.s.t.web.servlet.TestDispatcherServlet  : Initializing Servlet ''
2021-02-07 15:33:02.267  INFO 1784 --- [    Test worker] o.s.t.web.servlet.TestDispatcherServlet  : Completed initialization in 21 ms
2021-02-07 15:33:02.320  INFO 1784 --- [    Test worker] c.s.f.s.web.HelloControllerTest          : Started HelloControllerTest in 3.232 seconds (JVM running for 23.643)
]]></system-out>
  <system-err><![CDATA[]]></system-err>
</testsuite>
