<?xml version="1.0" encoding="UTF-8"?>
<testsuite name="com.study.first.springboot.web.JunitControllerTest" tests="3" skipped="0" failures="0" errors="0" timestamp="2021-02-07T06:33:02" hostname="DESKTOP-F7GHCA8" time="0.017">
  <properties/>
  <testcase name="메서드1" classname="com.study.first.springboot.web.JunitControllerTest" time="0.004"/>
  <testcase name="메서드2" classname="com.study.first.springboot.web.JunitControllerTest" time="0.005"/>
  <testcase name="메서드3" classname="com.study.first.springboot.web.JunitControllerTest" time="0.006"/>
  <system-out><![CDATA[2021-02-07 15:33:02.526  INFO 1784 --- [    Test worker] .b.t.c.SpringBootTestContextBootstrapper : Neither @ContextConfiguration nor @ContextHierarchy found for test class [com.study.first.springboot.web.JunitControllerTest], using SpringBootContextLoader
2021-02-07 15:33:02.529  INFO 1784 --- [    Test worker] o.s.t.c.support.AbstractContextLoader    : Could not detect default resource locations for test class [com.study.first.springboot.web.JunitControllerTest]: no resource found for suffixes {-context.xml, Context.groovy}.
2021-02-07 15:33:02.530  INFO 1784 --- [    Test worker] t.c.s.AnnotationConfigContextLoaderUtils : Could not detect default configuration classes for test class [com.study.first.springboot.web.JunitControllerTest]: JunitControllerTest does not declare any static, non-private, non-final, nested classes annotated with @Configuration.
2021-02-07 15:33:02.535  INFO 1784 --- [    Test worker] .b.t.c.SpringBootTestContextBootstrapper : Found @SpringBootConfiguration com.study.first.springboot.Application for test class com.study.first.springboot.web.JunitControllerTest
2021-02-07 15:33:02.539  INFO 1784 --- [    Test worker] .b.t.c.SpringBootTestContextBootstrapper : Loaded default TestExecutionListener class names from location [META-INF/spring.factories]: [org.springframework.security.test.context.support.WithSecurityContextTestExecutionListener, org.springframework.security.test.context.support.ReactorContextTestExecutionListener, org.springframework.boot.test.autoconfigure.restdocs.RestDocsTestExecutionListener, org.springframework.boot.test.autoconfigure.web.client.MockRestServiceServerResetTestExecutionListener, org.springframework.boot.test.autoconfigure.web.servlet.MockMvcPrintOnlyOnFailureTestExecutionListener, org.springframework.boot.test.autoconfigure.web.servlet.WebDriverTestExecutionListener, org.springframework.boot.test.mock.mockito.MockitoTestExecutionListener, org.springframework.boot.test.mock.mockito.ResetMocksTestExecutionListener, org.springframework.test.context.web.ServletTestExecutionListener, org.springframework.test.context.support.DirtiesContextBeforeModesTestExecutionListener, org.springframework.test.context.support.DependencyInjectionTestExecutionListener, org.springframework.test.context.support.DirtiesContextTestExecutionListener, org.springframework.test.context.transaction.TransactionalTestExecutionListener, org.springframework.test.context.jdbc.SqlScriptsTestExecutionListener]
2021-02-07 15:33:02.542  INFO 1784 --- [    Test worker] .b.t.c.SpringBootTestContextBootstrapper : Using TestExecutionListeners: [org.springframework.test.context.web.ServletTestExecutionListener@294bb546, org.springframework.test.context.support.DirtiesContextBeforeModesTestExecutionListener@6bab9741, org.springframework.boot.test.mock.mockito.MockitoTestExecutionListener@7a3158eb, org.springframework.boot.test.autoconfigure.SpringBootDependencyInjectionTestExecutionListener@6c3a633b, org.springframework.test.context.support.DirtiesContextTestExecutionListener@18af0a7f, org.springframework.test.context.transaction.TransactionalTestExecutionListener@2f0987b4, org.springframework.test.context.jdbc.SqlScriptsTestExecutionListener@5f8f64be, org.springframework.security.test.context.support.WithSecurityContextTestExecutionListener@6013e7cf, org.springframework.security.test.context.support.ReactorContextTestExecutionListener@8fe540, org.springframework.boot.test.autoconfigure.restdocs.RestDocsTestExecutionListener@6358f6c2, org.springframework.boot.test.autoconfigure.web.client.MockRestServiceServerResetTestExecutionListener@4756d483, org.springframework.boot.test.autoconfigure.web.servlet.MockMvcPrintOnlyOnFailureTestExecutionListener@38846e39, org.springframework.boot.test.autoconfigure.web.servlet.WebDriverTestExecutionListener@475e398c, org.springframework.boot.test.mock.mockito.ResetMocksTestExecutionListener@63942943]
beforeClass
Before
메서드1
After
Before
메서드2
After
Before
메서드3
After
afterClass
]]></system-out>
  <system-err><![CDATA[]]></system-err>
</testsuite>
